\BOOKMARK [0][-]{chapter.1}{\376\377\122\115\212\000}{}% 1
\BOOKMARK [0][-]{chapter.2}{\376\377\151\202\163\207\127\372\170\100}{}% 2
\BOOKMARK [1][-]{section.2.1}{\376\377\151\202\163\207\152\041\127\213}{chapter.2}% 3
\BOOKMARK [2][-]{subsection.2.1.1}{\376\377\151\202\163\207\137\213}{section.2.1}% 4
\BOOKMARK [2][-]{subsection.2.1.2}{\376\377\171\273\145\143\152\041\127\213}{section.2.1}% 5
\BOOKMARK [2][-]{subsection.2.1.3}{\376\377\217\336\176\355\152\041\127\213}{section.2.1}% 6
\BOOKMARK [1][-]{section.2.2}{\376\377\147\141\116\366\151\202\163\207}{chapter.2}% 7
\BOOKMARK [1][-]{section.2.3}{\376\377\200\124\124\010\151\202\163\207}{chapter.2}% 8
\BOOKMARK [1][-]{section.2.4}{\376\377\121\150\151\202\163\207\116\016\215\035\123\366\145\257\133\232\164\006}{chapter.2}% 9
\BOOKMARK [1][-]{section.2.5}{\376\377\162\354\172\313\140\047}{chapter.2}% 10
\BOOKMARK [1][-]{section.2.6}{\376\377\226\217\147\072\123\330\221\317}{chapter.2}% 11
\BOOKMARK [2][-]{subsection.2.6.1}{\376\377\171\273\145\143\226\217\147\072\123\330\221\317}{section.2.6}% 12
\BOOKMARK [2][-]{subsection.2.6.2}{\376\377\217\336\176\355\226\217\147\072\123\330\221\317}{section.2.6}% 13
\BOOKMARK [2][-]{subsection.2.6.3}{\376\377\175\057\171\357\122\006\136\003\121\375\145\160}{section.2.6}% 14
\BOOKMARK [2][-]{subsection.2.6.4}{\376\377\226\217\147\072\123\330\221\317\166\204\121\375\145\160}{section.2.6}% 15
\BOOKMARK [2][-]{subsection.2.6.5}{\376\377\147\037\147\033\116\016\145\271\135\356}{section.2.6}% 16
\BOOKMARK [1][-]{section.2.7}{\376\377\217\271\177\030\123\026}{chapter.2}% 17
\BOOKMARK [1][-]{section.2.8}{\376\377\136\070\211\301\151\202\163\207\122\006\136\003}{chapter.2}% 18
\BOOKMARK [2][-]{subsection.2.8.1}{\376\377\117\057\122\252\122\051\122\006\136\003}{section.2.8}% 19
\BOOKMARK [2][-]{subsection.2.8.2}{\376\377\116\214\230\171\137\017\122\006\136\003}{section.2.8}% 20
\BOOKMARK [2][-]{subsection.2.8.3}{\376\377\174\173\122\053\122\006\136\003}{section.2.8}% 21
\BOOKMARK [2][-]{subsection.2.8.4}{\376\377\131\032\230\171\137\017\122\006\136\003}{section.2.8}% 22
\BOOKMARK [2][-]{subsection.2.8.5}{\376\377\232\330\145\257\122\006\136\003}{section.2.8}% 23
\BOOKMARK [2][-]{subsection.2.8.6}{\376\377\123\141\145\271\122\006\136\003}{section.2.8}% 24
\BOOKMARK [2][-]{subsection.2.8.7}{\376\377\000t\122\006\136\003}{section.2.8}% 25
\BOOKMARK [2][-]{subsection.2.8.8}{\376\377\000F\122\006\136\003}{section.2.8}% 26
\BOOKMARK [0][-]{chapter.3}{\376\377\147\000\131\047\117\074\161\066\117\060\213\241}{}% 27
\BOOKMARK [1][-]{section.3.1}{\376\377\147\000\131\047\117\074\161\066\117\060\213\241}{chapter.3}% 28
\BOOKMARK [1][-]{section.3.2}{\376\377\117\057\122\252\122\051\122\006\136\003}{chapter.3}% 29
\BOOKMARK [1][-]{section.3.3}{\376\377\174\173\122\053\122\006\136\003}{chapter.3}% 30
\BOOKMARK [1][-]{section.3.4}{\376\377\232\330\145\257\122\006\136\003}{chapter.3}% 31
\BOOKMARK [1][-]{section.3.5}{\376\377\140\073\176\323}{chapter.3}% 32
\BOOKMARK [0][-]{chapter.4}{\376\377\143\250\203\120\116\016\150\300\232\214}{}% 33
\BOOKMARK [1][-]{section.4.1}{\376\377\176\337\213\241\221\317\124\214\121\105\122\006\176\337\213\241\221\317}{chapter.4}% 34
\BOOKMARK [1][-]{section.4.2}{\376\377\142\275\150\067\122\006\136\003}{chapter.4}% 35
\BOOKMARK [2][-]{subsection.4.2.1}{\376\377\153\143\140\001\122\006\136\003}{section.4.2}% 36
\BOOKMARK [2][-]{subsection.4.2.2}{\376\377\000t\122\006\136\003}{section.4.2}% 37
\BOOKMARK [2][-]{subsection.4.2.3}{\376\377\123\141\145\271\122\006\136\003}{section.4.2}% 38
\BOOKMARK [1][-]{section.4.3}{\376\377\147\201\226\120\164\006\213\272}{chapter.4}% 39
\BOOKMARK [2][-]{subsection.4.3.1}{\376\377\232\154\134\024\123\357\131\053\124\214\122\007\153\324\226\352\131\053\116\015\173\111\137\017}{section.4.3}% 40
\BOOKMARK [2][-]{subsection.4.3.2}{\376\377\137\061\131\047\145\160\133\232\137\213}{section.4.3}% 41
\BOOKMARK [2][-]{subsection.4.3.3}{\376\377\117\235\151\202\163\207\145\066\145\133}{section.4.3}% 42
\BOOKMARK [2][-]{subsection.4.3.4}{\376\377\116\055\137\303\147\201\226\120\133\232\164\006}{section.4.3}% 43
\BOOKMARK [2][-]{subsection.4.3.5}{\376\377\137\072\131\047\145\160\133\232\164\006}{section.4.3}% 44
\BOOKMARK [1][-]{section.4.4}{\376\377\117\074\161\066\117\060\213\241\221\317}{chapter.4}% 45
\BOOKMARK [2][-]{subsection.4.4.1}{\376\377\117\060\213\241\221\317\166\204\120\117\135\356\116\016\145\271\135\356}{section.4.4}% 46
\BOOKMARK [2][-]{subsection.4.4.2}{\376\377\117\341\140\157\221\317}{section.4.4}% 47
\BOOKMARK [2][-]{subsection.4.4.3}{\376\377\147\000\131\047\117\074\161\066\117\060\213\241\166\204\162\171\140\047}{section.4.4}% 48
\BOOKMARK [1][-]{section.4.5}{\376\377\177\156\117\341\123\072\225\364}{chapter.4}% 49
\BOOKMARK [2][-]{subsection.4.5.1}{\376\377\127\107\120\074\123\302\145\160\166\204\000\040\000Z\000\040\123\072\225\364\117\060\213\241}{section.4.5}% 50
\BOOKMARK [2][-]{subsection.4.5.2}{\376\377\127\107\120\074\123\302\145\160\166\204\000\040\000T\000\040\123\072\225\364\117\060\213\241}{section.4.5}% 51
\BOOKMARK [2][-]{subsection.4.5.3}{\376\377\145\271\135\356\123\302\145\160\166\204\123\072\225\364\117\060\213\241}{section.4.5}% 52
\BOOKMARK [1][-]{section.4.6}{\376\377\173\200\123\125\120\107\213\276\150\300\232\214}{chapter.4}% 53
\BOOKMARK [2][-]{subsection.4.6.1}{\376\377\000Z\150\300\232\214}{section.4.6}% 54
\BOOKMARK [2][-]{subsection.4.6.2}{\376\377\000T\150\300\232\214}{section.4.6}% 55
\BOOKMARK [2][-]{subsection.4.6.3}{\376\377\123\141\145\271\150\300\232\214}{section.4.6}% 56
\BOOKMARK [0][-]{chapter.5}{\376\377\143\007\145\160\145\317}{}% 57
\BOOKMARK [1][-]{section.5.1}{\376\377\143\007\145\160\145\317\166\204\133\232\116\111}{chapter.5}% 58
\BOOKMARK [2][-]{subsection.5.1.1}{\376\377\117\057\122\252\122\051\122\006\136\003}{section.5.1}% 59
\BOOKMARK [2][-]{subsection.5.1.2}{\376\377\174\173\122\053\122\006\136\003}{section.5.1}% 60
\BOOKMARK [2][-]{subsection.5.1.3}{\376\377\154\312\147\176\122\006\136\003}{section.5.1}% 61
\BOOKMARK [2][-]{subsection.5.1.4}{\376\377\232\330\145\257\122\006\136\003}{section.5.1}% 62
\BOOKMARK [2][-]{subsection.5.1.5}{\376\377\121\166\133\203\136\070\211\301\143\007\145\160\145\317}{section.5.1}% 63
\BOOKMARK [1][-]{section.5.2}{\376\377\143\007\145\160\145\317\166\204\147\037\147\033\116\016\145\271\135\356}{chapter.5}% 64
\BOOKMARK [1][-]{section.5.3}{\376\377\147\000\131\047\117\074\161\066\117\060\213\241}{chapter.5}% 65
\BOOKMARK [1][-]{section.5.4}{\376\377\147\000\131\047\117\074\161\066\117\060\213\241\116\016\000K\000L\145\143\136\246\166\204\121\163\174\373}{chapter.5}% 66
\BOOKMARK [0][-]{chapter.6}{\376\377\176\277\140\047\126\336\137\122\152\041\127\213}{}% 67
\BOOKMARK [1][-]{section.6.1}{\376\377\147\000\134\017\116\214\116\130}{chapter.6}% 68
\BOOKMARK [2][-]{subsection.6.1.1}{\376\377\147\000\134\017\213\357\135\356}{section.6.1}% 69
\BOOKMARK [2][-]{subsection.6.1.2}{\376\377\123\302\145\160\117\060\213\241}{section.6.1}% 70
\BOOKMARK [1][-]{section.6.2}{\376\377\176\277\140\047\126\336\137\122\166\204\151\202\163\207\211\343\221\312}{chapter.6}% 71
\BOOKMARK [2][-]{subsection.6.2.1}{\376\377\232\330\145\257\122\006\136\003}{section.6.2}% 72
\BOOKMARK [2][-]{subsection.6.2.2}{\376\377\123\302\145\160\117\060\213\241}{section.6.2}% 73
\BOOKMARK [0][-]{chapter.7}{\376\377\136\177\116\111\176\277\140\047\152\041\127\213}{}% 74
\BOOKMARK [1][-]{section.7.1}{\376\377\143\007\145\160\145\317\122\006\136\003}{chapter.7}% 75
\BOOKMARK [2][-]{subsection.7.1.1}{\376\377\201\352\161\066\143\007\145\160\145\317}{section.7.1}% 76
\BOOKMARK [2][-]{subsection.7.1.2}{\376\377\171\072\117\213\377\032\232\330\145\257\122\006\136\003}{section.7.1}% 77
\BOOKMARK [2][-]{subsection.7.1.3}{\376\377\171\072\117\213\377\032\117\057\122\252\122\051\122\006\136\003}{section.7.1}% 78
\BOOKMARK [1][-]{section.7.2}{\376\377\136\177\116\111\176\277\140\047\152\041\127\213}{chapter.7}% 79
\BOOKMARK [1][-]{section.7.3}{\376\377\117\213\133\120}{chapter.7}% 80
\BOOKMARK [0][-]{chapter.8}{\376\377\123\302\145\160\117\060\213\241}{}% 81
\BOOKMARK [1][-]{section.8.1}{\376\377\147\000\131\047\117\074\161\066\117\060\213\241}{chapter.8}% 82
\BOOKMARK [1][-]{section.8.2}{\376\377\154\360\122\322\176\247\145\160}{chapter.8}% 83
\BOOKMARK [1][-]{section.8.3}{\376\377\150\257\136\246\116\013\226\115\154\325}{chapter.8}% 84
\BOOKMARK [1][-]{section.8.4}{\376\377\162\133\230\177\154\325}{chapter.8}% 85
\BOOKMARK [2][-]{subsection.8.4.1}{\376\377\173\227\154\325\143\250\133\374}{section.8.4}% 86
\BOOKMARK [2][-]{subsection.8.4.2}{\376\377\150\007\121\306\217\336\143\245\121\375\145\160}{section.8.4}% 87
\BOOKMARK [2][-]{subsection.8.4.3}{\376\377\217\355\116\343\122\035\131\313\120\074\166\204\213\276\133\232}{section.8.4}% 88
\BOOKMARK [1][-]{section.8.5}{\376\377\217\355\116\343\221\315\122\240\147\103\147\000\134\017\116\214\116\130\000\050\000I\000R\000L\000S\000\051}{chapter.8}% 89
\BOOKMARK [2][-]{subsection.8.5.1}{\376\377\173\227\154\325\143\250\133\374}{section.8.5}% 90
\BOOKMARK [2][-]{subsection.8.5.2}{\376\377\173\227\154\325\217\307\172\013}{section.8.5}% 91
\BOOKMARK [1][-]{section.8.6}{\376\377\117\060\213\241\221\317\166\204\150\007\121\306\213\357\135\356}{chapter.8}% 92
\BOOKMARK [1][-]{section.8.7}{\376\377\122\006\145\143\123\302\145\160\166\204\117\060\213\241}{chapter.8}% 93
\BOOKMARK [0][-]{chapter.9}{\376\377\152\041\127\213\213\304\117\060}{}% 94
\BOOKMARK [1][-]{section.9.1}{\376\377\142\337\124\010\117\030\136\246}{chapter.9}% 95
\BOOKMARK [2][-]{subsection.9.1.1}{\376\377\135\114\131\127\152\041\127\213}{section.9.1}% 96
\BOOKMARK [2][-]{subsection.9.1.2}{\376\377\133\371\145\160\117\074\161\066\153\324\000\050\000L\000i\000k\000e\000l\000i\000h\000o\000o\000d\000\040\000r\000a\000t\000i\000o\000\051}{section.9.1}% 97
\BOOKMARK [2][-]{subsection.9.1.3}{\376\377\120\117\135\356\000\050\000d\000e\000v\000i\000a\000n\000c\000e\000\051}{section.9.1}% 98
\BOOKMARK [2][-]{subsection.9.1.4}{\376\377\121\263\133\232\174\373\145\160\000\040\000R\0002}{section.9.1}% 99
\BOOKMARK [2][-]{subsection.9.1.5}{\376\377\136\177\116\111\166\256\134\024\220\012\123\141\145\271\176\337\213\241\221\317}{section.9.1}% 100
\BOOKMARK [1][-]{section.9.2}{\376\377\153\213\135\356\122\006\147\220\000\050\000R\000e\000s\000i\000d\000u\000a\000l\000\040\000a\000n\000a\000l\000y\000s\000i\000s\000\051}{chapter.9}% 101
\BOOKMARK [2][-]{subsection.9.2.1}{\376\377\000R\000e\000s\000p\000o\000n\000s\000e\000\040\000r\000e\000s\000i\000d\000u\000a\000l\000s}{section.9.2}% 102
\BOOKMARK [2][-]{subsection.9.2.2}{\376\377\000W\000o\000r\000k\000i\000n\000g\000\040\000r\000e\000s\000i\000d\000u\000a\000l\000s}{section.9.2}% 103
\BOOKMARK [2][-]{subsection.9.2.3}{\376\377\000P\000a\000r\000t\000i\000a\000l\000\040\000r\000e\000s\000i\000d\000u\000a\000l\000s}{section.9.2}% 104
\BOOKMARK [2][-]{subsection.9.2.4}{\376\377\000P\000e\000a\000r\000s\000o\000n\000\040\000r\000e\000s\000i\000d\000u\000a\000l\000s}{section.9.2}% 105
\BOOKMARK [2][-]{subsection.9.2.5}{\376\377\000D\000e\000v\000i\000a\000n\000c\000e\000\040\000r\000e\000s\000i\000d\000u\000a\000l\000s}{section.9.2}% 106
\BOOKMARK [2][-]{subsection.9.2.6}{\376\377\000A\000d\000j\000u\000s\000t\000e\000d\000\040\000d\000e\000v\000i\000a\000n\000c\000e\000\040\000r\000e\000s\000i\000d\000u\000a\000l\000s}{section.9.2}% 107
\BOOKMARK [2][-]{subsection.9.2.7}{\376\377\000L\000i\000k\000e\000l\000i\000h\000o\000o\000d\000\040\000r\000e\000s\000i\000d\000u\000a\000l\000s}{section.9.2}% 108
\BOOKMARK [2][-]{subsection.9.2.8}{\376\377\000S\000c\000o\000r\000e\000\040\000r\000e\000s\000i\000d\000u\000a\000l\000s}{section.9.2}% 109
\BOOKMARK [2][-]{subsection.9.2.9}{\376\377\000A\000n\000s\000c\000o\000m\000b\000e\000\040\000r\000e\000s\000i\000d\000u\000a\000l\000s}{section.9.2}% 110
\BOOKMARK [1][-]{section.9.3}{\376\377\152\041\127\213\220\011\142\351\000\050\000m\000o\000d\000e\000l\000\040\000s\000e\000l\000e\000c\000t\000i\000o\000n\000\051}{chapter.9}% 111
\BOOKMARK [2][-]{subsection.9.3.1}{\376\377\000C\000r\000i\000t\000e\000r\000i\000o\000n\000\040\000m\000e\000a\000s\000u\000r\000e\000s}{section.9.3}% 112
\BOOKMARK [0][-]{chapter.10}{\376\377\152\041\127\213\150\300\232\214}{}% 113
\BOOKMARK [1][-]{section.10.1}{\376\377\000G\000L\000M\000\040\116\055\166\204\142\275\150\067\122\006\136\003}{chapter.10}% 114
\BOOKMARK [2][-]{subsection.10.1.1}{\376\377\137\227\122\006\176\337\213\241\221\317\000\050\000s\000c\000o\000r\000e\000\040\000s\000t\000a\000t\000i\000s\000t\000i\000c\000\051}{section.10.1}% 115
\BOOKMARK [2][-]{subsection.10.1.2}{\376\377\147\000\131\047\117\074\161\066\117\060\213\241\221\317}{section.10.1}% 116
\BOOKMARK [2][-]{subsection.10.1.3}{\376\377\120\117\135\356\000\050\000d\000e\000v\000i\000a\000n\000c\000e\000\051\176\337\213\241\221\317}{section.10.1}% 117
\BOOKMARK [2][-]{subsection.10.1.4}{\376\377\123\302\145\160\117\060\213\241\221\317}{section.10.1}% 118
\BOOKMARK [1][-]{section.10.2}{\376\377\000G\000L\000M\000\040\116\055\166\204\152\041\127\213\150\300\232\214}{chapter.10}% 119
\BOOKMARK [2][-]{subsection.10.2.1}{\376\377\152\041\127\213\150\300\232\214}{section.10.2}% 120
\BOOKMARK [2][-]{subsection.10.2.2}{\376\377\123\302\145\160\150\300\232\214}{section.10.2}% 121
\BOOKMARK [2][-]{subsection.10.2.3}{\376\377\152\041\127\213\153\324\217\203}{section.10.2}% 122
\BOOKMARK [2][-]{subsection.10.2.4}{\376\377\153\143\140\001\140\047\150\300\232\214}{section.10.2}% 123
\BOOKMARK [1][-]{section.10.3}{\376\377\150\110\117\213}{chapter.10}% 124
\BOOKMARK [2][-]{subsection.10.3.1}{\376\377\176\277\140\047\126\336\137\122}{section.10.3}% 125
\BOOKMARK [2][-]{subsection.10.3.2}{\376\377\000G\000L\000M}{section.10.3}% 126
\BOOKMARK [1][-]{section.10.4}{\376\377\173\024\213\260}{chapter.10}% 127
\BOOKMARK [0][-]{chapter.11}{\376\377\232\330\145\257\152\041\127\213}{}% 128
\BOOKMARK [1][-]{section.11.1}{\376\377\117\040\176\337\176\277\140\047\126\336\137\122}{chapter.11}% 129
\BOOKMARK [1][-]{section.11.2}{\376\377\232\330\145\257\122\006\136\003}{chapter.11}% 130
\BOOKMARK [1][-]{section.11.3}{\376\377\232\330\145\257\126\336\137\122\152\041\127\213}{chapter.11}% 131
\BOOKMARK [1][-]{section.11.4}{\376\377\123\302\145\160\117\060\213\241}{chapter.11}% 132
\BOOKMARK [2][-]{subsection.11.4.1}{\376\377\117\074\161\066\121\375\145\160}{section.11.4}% 133
\BOOKMARK [2][-]{subsection.11.4.2}{\376\377\000I\000R\000L\000S}{section.11.4}% 134
\BOOKMARK [2][-]{subsection.11.4.3}{\376\377\142\337\124\010\117\030\136\246}{section.11.4}% 135
\BOOKMARK [1][-]{section.11.5}{\376\377\121\166\133\203\224\376\143\245\121\375\145\160}{chapter.11}% 136
\BOOKMARK [0][-]{chapter.12}{\376\377\220\006\232\330\145\257\152\041\127\213}{}% 137
\BOOKMARK [1][-]{section.12.1}{\376\377\220\006\232\330\145\257\122\006\136\003}{chapter.12}% 138
\BOOKMARK [1][-]{section.12.2}{\376\377\220\006\232\330\145\257\126\336\137\122\152\041\127\213}{chapter.12}% 139
\BOOKMARK [1][-]{section.12.3}{\376\377\123\302\145\160\117\060\213\241}{chapter.12}% 140
\BOOKMARK [2][-]{subsection.12.3.1}{\376\377\117\074\161\066\121\375\145\160}{section.12.3}% 141
\BOOKMARK [2][-]{subsection.12.3.2}{\376\377\000I\000R\000L\000S}{section.12.3}% 142
\BOOKMARK [2][-]{subsection.12.3.3}{\376\377\142\337\124\010\117\030\136\246}{section.12.3}% 143
\BOOKMARK [1][-]{section.12.4}{\376\377\121\166\133\203\224\376\143\245\121\375\145\160}{chapter.12}% 144
\BOOKMARK [0][-]{chapter.13}{\376\377\116\214\230\171\137\017\152\041\127\213}{}% 145
\BOOKMARK [1][-]{section.13.1}{\376\377\117\057\122\252\122\051\122\006\136\003}{chapter.13}% 146
\BOOKMARK [1][-]{section.13.2}{\376\377\220\073\217\221\126\336\137\122\152\041\127\213}{chapter.13}% 147
\BOOKMARK [2][-]{subsection.13.2.1}{\376\377\152\041\127\213\133\232\116\111}{section.13.2}% 148
\BOOKMARK [2][-]{subsection.13.2.2}{\376\377\123\302\145\160\117\060\213\241}{section.13.2}% 149
\BOOKMARK [2][-]{subsection.13.2.3}{\376\377\000o\000d\000d\000s\000\040\116\016\000\040\000l\000o\000g\000i\000t}{section.13.2}% 150
\BOOKMARK [1][-]{section.13.3}{\376\377\116\214\230\171\137\017\122\006\136\003}{chapter.13}% 151
\BOOKMARK [1][-]{section.13.4}{\376\377\116\214\230\171\137\017\126\336\137\122\152\041\127\213}{chapter.13}% 152
\BOOKMARK [2][-]{subsection.13.4.1}{\376\377\152\041\127\213\133\232\116\111}{section.13.4}% 153
\BOOKMARK [2][-]{subsection.13.4.2}{\376\377\123\302\145\160\117\060\213\241}{section.13.4}% 154
\BOOKMARK [1][-]{section.13.5}{\376\377\121\166\133\203\217\336\143\245\121\375\145\160}{chapter.13}% 155
\BOOKMARK [2][-]{subsection.13.5.1}{\376\377\140\122\173\111\217\336\143\245\121\375\145\160}{section.13.5}% 156
\BOOKMARK [2][-]{subsection.13.5.2}{\376\377\000p\000r\000o\000b\000i\000t\000\040\126\336\137\122}{section.13.5}% 157
\BOOKMARK [2][-]{subsection.13.5.3}{\376\377\000l\000o\000g\000-\000l\000o\000g\000\040\124\214\000\040\000c\000l\000o\000g\000-\000l\000o\000g}{section.13.5}% 158
\BOOKMARK [1][-]{section.13.6}{\376\377\122\006\176\304\145\160\143\156\116\016\153\324\117\213\145\160\143\156}{chapter.13}% 159
\BOOKMARK [0][-]{chapter.14}{\376\377\154\312\147\176\152\041\127\213}{}% 160
\BOOKMARK [1][-]{section.14.1}{\376\377\154\312\147\176\000\050\000P\000o\000i\000s\000s\000o\000n\000\051\122\006\136\003}{chapter.14}% 161
\BOOKMARK [2][-]{subsection.14.1.1}{\376\377\143\250\133\374\217\307\172\013}{section.14.1}% 162
\BOOKMARK [2][-]{subsection.14.1.2}{\376\377\154\312\147\176\122\006\136\003\166\204\162\171\140\047}{section.14.1}% 163
\BOOKMARK [1][-]{section.14.2}{\376\377\154\312\147\176\126\336\137\122\152\041\127\213}{chapter.14}% 164
\BOOKMARK [1][-]{section.14.3}{\376\377\123\302\145\160\117\060\213\241}{chapter.14}% 165
\BOOKMARK [1][-]{section.14.4}{\376\377\142\337\124\010\176\337\213\241\221\317}{chapter.14}% 166
\BOOKMARK [1][-]{section.14.5}{\376\377\230\221\163\207\152\041\127\213}{chapter.14}% 167
\BOOKMARK [1][-]{section.14.6}{\376\377\154\312\147\176\152\041\127\213\166\204\134\100\226\120\140\047}{chapter.14}% 168
\BOOKMARK [0][-]{chapter.15}{\376\377\143\007\145\160\152\041\127\213}{}% 169
\BOOKMARK [1][-]{section.15.1}{\376\377\143\007\145\160\000\050\000e\000x\000p\000o\000n\000e\000n\000t\000i\000a\000l\000\051\122\006\136\003}{chapter.15}% 170
\BOOKMARK [2][-]{subsection.15.1.1}{\376\377\143\250\133\374\217\307\172\013}{section.15.1}% 171
\BOOKMARK [2][-]{subsection.15.1.2}{\376\377\122\006\136\003\166\204\162\171\140\047}{section.15.1}% 172
\BOOKMARK [1][-]{section.15.2}{\376\377\143\007\145\160\126\336\137\122\152\041\127\213}{chapter.15}% 173
\BOOKMARK [1][-]{section.15.3}{\376\377\123\302\145\160\117\060\213\241}{chapter.15}% 174
\BOOKMARK [2][-]{subsection.15.3.1}{\376\377\117\074\161\066\121\375\145\160}{section.15.3}% 175
\BOOKMARK [2][-]{subsection.15.3.2}{\376\377\142\337\124\010\117\030\136\246}{section.15.3}% 176
\BOOKMARK [2][-]{subsection.15.3.3}{\376\377\000I\000R\000L\000S}{section.15.3}% 177
\BOOKMARK [0][-]{chapter.16}{\376\377\000G\000a\000m\000m\000a\000\040\152\041\127\213}{}% 178
\BOOKMARK [1][-]{section.16.1}{\376\377\000G\000a\000m\000m\000a\000\040\121\375\145\160}{chapter.16}% 179
\BOOKMARK [1][-]{section.16.2}{\376\377\000G\000a\000m\000m\000a\000\040\122\006\136\003}{chapter.16}% 180
\BOOKMARK [1][-]{section.16.3}{\376\377\000G\000a\000m\000m\000a\000\040\126\336\137\122\152\041\127\213}{chapter.16}% 181
\BOOKMARK [1][-]{section.16.4}{\376\377\123\302\145\160\117\060\213\241}{chapter.16}% 182
\BOOKMARK [2][-]{subsection.16.4.1}{\376\377\117\074\161\066\121\375\145\160}{section.16.4}% 183
\BOOKMARK [2][-]{subsection.16.4.2}{\376\377\000I\000R\000L\000S}{section.16.4}% 184
\BOOKMARK [2][-]{subsection.16.4.3}{\376\377\142\337\124\010\117\030\136\246}{section.16.4}% 185
\BOOKMARK [1][-]{section.16.5}{\376\377\121\166\116\326\217\336\143\245\121\375\145\160}{chapter.16}% 186
\BOOKMARK [2][-]{subsection.16.5.1}{\376\377\133\371\145\160\000\040\000G\000a\000m\000m\000a\000\040\152\041\127\213}{section.16.5}% 187
\BOOKMARK [2][-]{subsection.16.5.2}{\376\377\140\122\173\111\000\050\000i\000d\000e\000n\000t\000i\000t\000y\000\051\000\040\000G\000a\000m\000m\000a\000\040\152\041\127\213}{section.16.5}% 188
\BOOKMARK [0][-]{chapter.17}{\376\377\217\307\136\246\122\006\145\143}{}% 189
\BOOKMARK [1][-]{section.17.1}{\376\377\116\300\116\110\146\057\217\307\136\246\122\006\145\143}{chapter.17}% 190
\BOOKMARK [1][-]{section.17.2}{\376\377\217\307\136\246\122\006\145\143\166\204\150\300\155\113}{chapter.17}% 191
\BOOKMARK [1][-]{section.17.3}{\376\377\217\307\136\246\122\006\145\143\166\204\137\161\124\315}{chapter.17}% 192
\BOOKMARK [1][-]{section.17.4}{\376\377\150\007\121\306\213\357\135\356\166\204\117\356\153\143}{chapter.17}% 193
\BOOKMARK [0][-]{chapter.18}{\376\377\215\037\116\214\230\171\137\017\152\041\127\213}{}% 194
\BOOKMARK [1][-]{section.18.1}{\376\377\215\037\116\214\230\171\137\017\122\006\136\003}{chapter.18}% 195
\BOOKMARK [2][-]{subsection.18.1.1}{\376\377\116\316\116\214\230\171\137\017\122\006\136\003\143\250\133\374}{section.18.1}% 196
\BOOKMARK [2][-]{subsection.18.1.2}{\376\377\154\312\147\176\000-\117\075\232\154\155\367\124\010\122\006\136\003}{section.18.1}% 197
\BOOKMARK [2][-]{subsection.18.1.3}{\376\377\217\205\122\251\123\302\145\160\000\040\000\040\166\204\137\161\124\315}{section.18.1}% 198
\BOOKMARK [1][-]{section.18.2}{\376\377\215\037\116\214\230\171\126\336\137\122\152\041\127\213}{chapter.18}% 199
\BOOKMARK [1][-]{section.18.3}{\376\377\123\302\145\160\117\060\213\241}{chapter.18}% 200
\BOOKMARK [2][-]{subsection.18.3.1}{\376\377\000I\000R\000L\000S}{section.18.3}% 201
\BOOKMARK [2][-]{subsection.18.3.2}{\376\377\123\302\145\160\000\040\000\040\166\204\117\060\213\241}{section.18.3}% 202
\BOOKMARK [1][-]{section.18.4}{\376\377\215\037\116\214\230\171\137\017\152\041\127\213\142\151\134\125}{chapter.18}% 203
\BOOKMARK [2][-]{subsection.18.4.1}{\376\377\133\371\145\160\217\336\143\245\121\375\145\160}{section.18.4}% 204
\BOOKMARK [2][-]{subsection.18.4.2}{\376\377\123\302\145\160\000\040\000\040\166\204\117\060\213\241}{section.18.4}% 205
\BOOKMARK [2][-]{subsection.18.4.3}{\376\377\121\340\117\125\152\041\127\213}{section.18.4}% 206
\BOOKMARK [2][-]{subsection.18.4.4}{\376\377\136\177\116\111\215\037\116\214\230\171\137\017\152\041\127\213}{section.18.4}% 207
\BOOKMARK [0][-]{chapter.19}{\376\377\226\366\213\241\145\160\225\356\230\230}{}% 208
\BOOKMARK [1][-]{section.19.1}{\376\377\226\366\142\052\145\255\152\041\127\213}{chapter.19}% 209
\BOOKMARK [2][-]{subsection.19.1.1}{\376\377\226\366\142\052\145\255\154\312\147\176\152\041\127\213}{section.19.1}% 210
\BOOKMARK [2][-]{subsection.19.1.2}{\376\377\226\366\142\052\145\255\215\037\116\214\230\171\137\017\152\041\127\213}{section.19.1}% 211
\BOOKMARK [1][-]{section.19.2}{\376\377\226\366\201\250\200\300\152\041\127\213}{chapter.19}% 212
\BOOKMARK [2][-]{subsection.19.2.1}{\376\377\000H\000u\000r\000d\000l\000e\000\040\152\041\127\213}{section.19.2}% 213
\BOOKMARK [2][-]{subsection.19.2.2}{\376\377\000Z\000e\000r\000o\000-\000i\000n\000f\000l\000a\000t\000e\000\040\152\041\127\213}{section.19.2}% 214
\BOOKMARK [0][-]{chapter.20}{\376\377\131\032\230\171\137\017\152\041\127\213}{}% 215
\BOOKMARK [1][-]{section.20.1}{\376\377\174\173\122\053\122\006\136\003}{chapter.20}% 216
\BOOKMARK [1][-]{section.20.2}{\376\377\000s\000o\000f\000t\000m\000a\000x\000\040\126\336\137\122\152\041\127\213}{chapter.20}% 217
\BOOKMARK [2][-]{subsection.20.2.1}{\376\377\152\041\127\213\133\232\116\111}{section.20.2}% 218
\BOOKMARK [2][-]{subsection.20.2.2}{\376\377\123\302\145\160\117\060\213\241}{section.20.2}% 219
\BOOKMARK [1][-]{section.20.3}{\376\377\131\032\230\171\137\017\122\006\136\003}{chapter.20}% 220
\BOOKMARK [1][-]{section.20.4}{\376\377\131\032\230\171\137\017\126\336\137\122\152\041\127\213}{chapter.20}% 221
\BOOKMARK [0][-]{chapter.21}{\376\377\147\011\136\217\171\273\145\143\152\041\127\213}{}% 222
\BOOKMARK [1][-]{section.21.1}{\376\377\147\011\136\217\220\073\217\221\126\336\137\122}{chapter.21}% 223
\BOOKMARK [1][-]{section.21.2}{\376\377\123\302\145\160\117\060\213\241}{chapter.21}% 224
\BOOKMARK [1][-]{section.21.3}{\376\377\217\336\143\245\121\375\145\160}{chapter.21}% 225
\BOOKMARK [2][-]{subsection.21.3.1}{\376\377\000l\000o\000g\000i\000t}{section.21.3}% 226
\BOOKMARK [2][-]{subsection.21.3.2}{\376\377\000p\000r\000o\000b\000i\000t}{section.21.3}% 227
\BOOKMARK [2][-]{subsection.21.3.3}{\376\377\000c\000l\000o\000g\000-\000l\000o\000g}{section.21.3}% 228
\BOOKMARK [2][-]{subsection.21.3.4}{\376\377\000l\000o\000g\000-\000l\000o\000g}{section.21.3}% 229
\BOOKMARK [2][-]{subsection.21.3.5}{\376\377\000c\000a\000u\000c\000h\000i\000t}{section.21.3}% 230
\BOOKMARK [1][-]{section.21.4}{\376\377\140\073\176\323}{chapter.21}% 231
\BOOKMARK [0][-]{chapter.22}{\376\377\226\104\137\125}{}% 232
\BOOKMARK [1][-]{section.22.1}{\376\377\150\007\121\306\153\143\140\001\175\057\171\357\122\006\136\003\210\150}{chapter.22}% 233
\BOOKMARK [1][-]{section.22.2}{\376\377\123\141\145\271\122\006\136\003\116\064\165\114\120\074\210\150}{chapter.22}% 234
\BOOKMARK [0][-]{chapter.23}{\376\377\123\302\200\003\145\207\163\056}{}% 235
\BOOKMARK [0][-]{section*.27}{\376\377\175\042\137\025}{}% 236
